<?xml version="1.0" encoding="UTF-8"?>
<testng-results skipped="0" failed="0" ignored="0" total="1" passed="1">
  <reporter-output>
    <line>
      <![CDATA[Required page is displayed]]>
    </line>
    <line>
      <![CDATA[Required page is displayed]]>
    </line>
    <line>
      <![CDATA[Test:testOrangeTC1is PASSED]]>
    </line>
  </reporter-output>
  <suite name="Default suite" duration-ms="61461" started-at="2018-10-12T08:36:14Z" finished-at="2018-10-12T08:37:16Z">
    <groups>
      <group name="smoke">
        <method signature="OrangeTC1.testOrangeTC1()[pri:1, instance:script.OrangeTC1@42e26948]" name="testOrangeTC1" class="script.OrangeTC1"/>
      </group> <!-- smoke -->
    </groups>
    <test name="Default test" duration-ms="61461" started-at="2018-10-12T08:36:14Z" finished-at="2018-10-12T08:37:16Z">
      <class name="script.OrangeTC1">
        <test-method status="PASS" signature="openApplication(java.lang.String, java.lang.String)[pri:0, instance:script.OrangeTC1@42e26948]" name="openApplication" is-config="true" duration-ms="21941" started-at="2018-10-12T08:36:15Z" finished-at="2018-10-12T08:36:36Z">
          <params>
            <param index="0">
              <value>
                <![CDATA[localhost]]>
              </value>
            </param>
            <param index="1">
              <value>
                <![CDATA[chrome]]>
              </value>
            </param>
          </params>
          <reporter-output>
          </reporter-output>
        </test-method> <!-- openApplication -->
        <test-method status="PASS" signature="testOrangeTC1()[pri:1, instance:script.OrangeTC1@42e26948]" name="testOrangeTC1" duration-ms="38909" started-at="2018-10-12T08:36:36Z" finished-at="2018-10-12T08:37:15Z">
          <reporter-output>
            <line>
              <![CDATA[Required page is displayed]]>
            </line>
            <line>
              <![CDATA[Required page is displayed]]>
            </line>
          </reporter-output>
        </test-method> <!-- testOrangeTC1 -->
        <test-method status="PASS" signature="closeApplication(org.testng.ITestResult)[pri:0, instance:script.OrangeTC1@42e26948]" name="closeApplication" is-config="true" duration-ms="559" started-at="2018-10-12T08:37:15Z" finished-at="2018-10-12T08:37:16Z">
          <params>
            <param index="0">
              <value>
                <![CDATA[[TestResult name=testOrangeTC1 status=SUCCESS method=OrangeTC1.testOrangeTC1()[pri:1, instance:script.OrangeTC1@42e26948] output=Required page is displayed]]]>
              </value>
            </param>
          </params>
          <reporter-output>
            <line>
              <![CDATA[Test:testOrangeTC1is PASSED]]>
            </line>
          </reporter-output>
        </test-method> <!-- closeApplication -->
      </class> <!-- script.OrangeTC1 -->
    </test> <!-- Default test -->
  </suite> <!-- Default suite -->
</testng-results>
